# JRE version: Java(TM) SE Runtime Environment (8.0_111-b14) (build 1.8.0_111-b14)
# Java VM: Java HotSpot(TM) 64-Bit Server VM (25.111-b14 mixed mode windows-amd64 compressed oops)
Heap:
 PSYoungGen      total 174080K, used 99129K [0x00000000daf00000, 0x00000000eb700000, 0x0000000100000000)
  eden space 114688K, 35% used [0x00000000daf00000,0x00000000dd696340,0x00000000e1f00000)
  from space 59392K, 98% used [0x00000000e6400000,0x00000000e9d38240,0x00000000e9e00000)
  to   space 70656K, 0% used [0x00000000e1f00000,0x00000000e1f00000,0x00000000e6400000)
 ParOldGen       total 352768K, used 246873K [0x0000000090c00000, 0x00000000a6480000, 0x00000000daf00000)
  object space 352768K, 69% used [0x0000000090c00000,0x000000009fd16548,0x00000000a6480000)
 Metaspace       used 24161K, capacity 25002K, committed 25216K, reserved 1071104K
  class space    used 3228K, capacity 3442K, committed 3456K, reserved 1048576K
GC Heap History (10 events):
Event: 1.393 GC heap before
{Heap before GC invocations=7 (full 2):
 PSYoungGen      total 61440K, used 3936K [0x00000000daf00000, 0x00000000e5780000, 0x0000000100000000)
  eden space 56832K, 0% used [0x00000000daf00000,0x00000000daf00000,0x00000000de680000)
  from space 4608K, 85% used [0x00000000de680000,0x00000000dea582f8,0x00000000deb00000)
  to   space 39936K, 0% used [0x00000000e3080000,0x00000000e3080000,0x00000000e5780000)
 ParOldGen       total 127488K, used 123576K [0x0000000090c00000, 0x0000000098880000, 0x00000000daf00000)
  object space 127488K, 96% used [0x0000000090c00000,0x00000000984ae0c0,0x0000000098880000)
 Metaspace       used 11483K, capacity 11808K, committed 11904K, reserved 1058816K
  class space    used 1484K, capacity 1600K, committed 1664K, reserved 1048576K
Event: 1.428 GC heap after
Heap after GC invocations=7 (full 2):
 PSYoungGen      total 61440K, used 0K [0x00000000daf00000, 0x00000000e5780000, 0x0000000100000000)
  eden space 56832K, 0% used [0x00000000daf00000,0x00000000daf00000,0x00000000de680000)
  from space 4608K, 0% used [0x00000000de680000,0x00000000de680000,0x00000000deb00000)
  to   space 39936K, 0% used [0x00000000e3080000,0x00000000e3080000,0x00000000e5780000)
 ParOldGen       total 224768K, used 127192K [0x0000000090c00000, 0x000000009e780000, 0x00000000daf00000)
  object space 224768K, 56% used [0x0000000090c00000,0x0000000098836278,0x000000009e780000)
 Metaspace       used 11483K, capacity 11808K, committed 11904K, reserved 1058816K
  class space    used 1484K, capacity 1600K, committed 1664K, reserved 1048576K
}
Event: 4.433 GC heap before
{Heap before GC invocations=8 (full 2):
 PSYoungGen      total 61440K, used 56832K [0x00000000daf00000, 0x00000000e5780000, 0x0000000100000000)
  eden space 56832K, 100% used [0x00000000daf00000,0x00000000de680000,0x00000000de680000)
  from space 4608K, 0% used [0x00000000de680000,0x00000000de680000,0x00000000deb00000)
  to   space 39936K, 0% used [0x00000000e3080000,0x00000000e3080000,0x00000000e5780000)
 ParOldGen       total 224768K, used 127192K [0x0000000090c00000, 0x000000009e780000, 0x00000000daf00000)
  object space 224768K, 56% used [0x0000000090c00000,0x0000000098836278,0x000000009e780000)
 Metaspace       used 15775K, capacity 16404K, committed 16640K, reserved 1062912K
  class space    used 2137K, capacity 2303K, committed 2304K, reserved 1048576K
Event: 4.446 GC heap after
Heap after GC invocations=8 (full 2):
 PSYoungGen      total 123904K, used 37130K [0x00000000daf00000, 0x00000000e6000000, 0x0000000100000000)
  eden space 83968K, 0% used [0x00000000daf00000,0x00000000daf00000,0x00000000e0100000)
  from space 39936K, 92% used [0x00000000e3080000,0x00000000e54c2af0,0x00000000e5780000)
  to   space 48640K, 0% used [0x00000000e0100000,0x00000000e0100000,0x00000000e3080000)
 ParOldGen       total 224768K, used 127200K [0x0000000090c00000, 0x000000009e780000, 0x00000000daf00000)
  object space 224768K, 56% used [0x0000000090c00000,0x0000000098838278,0x000000009e780000)
 Metaspace       used 15775K, capacity 16404K, committed 16640K, reserved 1062912K
  class space    used 2137K, capacity 2303K, committed 2304K, reserved 1048576K
}
Event: 4.705 GC heap before
{Heap before GC invocations=9 (full 2):
 PSYoungGen      total 123904K, used 121098K [0x00000000daf00000, 0x00000000e6000000, 0x0000000100000000)
  eden space 83968K, 100% used [0x00000000daf00000,0x00000000e0100000,0x00000000e0100000)
  from space 39936K, 92% used [0x00000000e3080000,0x00000000e54c2af0,0x00000000e5780000)
  to   space 48640K, 0% used [0x00000000e0100000,0x00000000e0100000,0x00000000e3080000)
 ParOldGen       total 224768K, used 127200K [0x0000000090c00000, 0x000000009e780000, 0x00000000daf00000)
  object space 224768K, 56% used [0x0000000090c00000,0x0000000098838278,0x000000009e780000)
 Metaspace       used 16022K, capacity 16584K, committed 16768K, reserved 1062912K
  class space    used 2181K, capacity 2339K, committed 2432K, reserved 1048576K
Event: 4.741 GC heap after
Heap after GC invocations=9 (full 2):
 PSYoungGen      total 132608K, used 48627K [0x00000000daf00000, 0x00000000e9e00000, 0x0000000100000000)
  eden space 83968K, 0% used [0x00000000daf00000,0x00000000daf00000,0x00000000e0100000)
  from space 48640K, 99% used [0x00000000e0100000,0x00000000e307ce08,0x00000000e3080000)
  to   space 59392K, 0% used [0x00000000e6400000,0x00000000e6400000,0x00000000e9e00000)
 ParOldGen       total 224768K, used 186300K [0x0000000090c00000, 0x000000009e780000, 0x00000000daf00000)
  object space 224768K, 82% used [0x0000000090c00000,0x000000009c1ef348,0x000000009e780000)
 Metaspace       used 16022K, capacity 16584K, committed 16768K, reserved 1062912K
  class space    used 2181K, capacity 2339K, committed 2432K, reserved 1048576K
}
Event: 4.741 GC heap before
{Heap before GC invocations=10 (full 3):
 PSYoungGen      total 132608K, used 48627K [0x00000000daf00000, 0x00000000e9e00000, 0x0000000100000000)
  eden space 83968K, 0% used [0x00000000daf00000,0x00000000daf00000,0x00000000e0100000)
  from space 48640K, 99% used [0x00000000e0100000,0x00000000e307ce08,0x00000000e3080000)
  to   space 59392K, 0% used [0x00000000e6400000,0x00000000e6400000,0x00000000e9e00000)
 ParOldGen       total 224768K, used 186300K [0x0000000090c00000, 0x000000009e780000, 0x00000000daf00000)
  object space 224768K, 82% used [0x0000000090c00000,0x000000009c1ef348,0x000000009e780000)
 Metaspace       used 16022K, capacity 16584K, committed 16768K, reserved 1062912K
  class space    used 2181K, capacity 2339K, committed 2432K, reserved 1048576K
Event: 4.825 GC heap after
Heap after GC invocations=10 (full 3):
 PSYoungGen      total 132608K, used 9226K [0x00000000daf00000, 0x00000000e9e00000, 0x0000000100000000)
  eden space 83968K, 0% used [0x00000000daf00000,0x00000000daf00000,0x00000000e0100000)
  from space 48640K, 18% used [0x00000000e0100000,0x00000000e0a02a38,0x00000000e3080000)
  to   space 59392K, 0% used [0x00000000e6400000,0x00000000e6400000,0x00000000e9e00000)
 ParOldGen       total 352768K, used 224364K [0x0000000090c00000, 0x00000000a6480000, 0x00000000daf00000)
  object space 352768K, 63% used [0x0000000090c00000,0x000000009e71b3b8,0x00000000a6480000)
 Metaspace       used 16022K, capacity 16584K, committed 16768K, reserved 1062912K
  class space    used 2181K, capacity 2339K, committed 2432K, reserved 1048576K
}
Event: 5.307 GC heap before
{Heap before GC invocations=11 (full 3):
 PSYoungGen      total 132608K, used 93194K [0x00000000daf00000, 0x00000000e9e00000, 0x0000000100000000)
  eden space 83968K, 100% used [0x00000000daf00000,0x00000000e0100000,0x00000000e0100000)
  from space 48640K, 18% used [0x00000000e0100000,0x00000000e0a02a38,0x00000000e3080000)
  to   space 59392K, 0% used [0x00000000e6400000,0x00000000e6400000,0x00000000e9e00000)
 ParOldGen       total 352768K, used 224364K [0x0000000090c00000, 0x00000000a6480000, 0x00000000daf00000)
  object space 352768K, 63% used [0x0000000090c00000,0x000000009e71b3b8,0x00000000a6480000)
 Metaspace       used 16069K, capacity 16648K, committed 16768K, reserved 1062912K
  class space    used 2181K, capacity 2339K, committed 2432K, reserved 1048576K
Event: 5.334 GC heap after
Heap after GC invocations=11 (full 3):
 PSYoungGen      total 174080K, used 58592K [0x00000000daf00000, 0x00000000eb700000, 0x0000000100000000)
  eden space 114688K, 0% used [0x00000000daf00000,0x00000000daf00000,0x00000000e1f00000)
  from space 59392K, 98% used [0x00000000e6400000,0x00000000e9d38240,0x00000000e9e00000)
  to   space 70656K, 0% used [0x00000000e1f00000,0x00000000e1f00000,0x00000000e6400000)
 ParOldGen       total 352768K, used 246873K [0x0000000090c00000, 0x00000000a6480000, 0x00000000daf00000)
  object space 352768K, 69% used [0x0000000090c00000,0x000000009fd16548,0x00000000a6480000)
 Metaspace       used 16069K, capacity 16648K, committed 16768K, reserved 1062912K
  class space    used 2181K, capacity 2339K, committed 2432K, reserved 1048576K
}

